1619081689681	geckodriver	INFO	Listening on 127.0.0.1:58333
1619081692756	mozrunner::runner	INFO	Running command: "C:\\Program Files\\Mozilla Firefox\\firefox.exe" "--marionette" "-foreground" "-no-remote" "-profile" "C:\\Users\\lqa\\AppData\\Local\\Temp\\rust_mozprofileyWa27E"
1619081693204	Marionette	INFO	Marionette enabled
console.warn: SearchSettings: "get: No settings file exists, new profile?" (new Error("", "(unknown module)"))
1619081696774	Marionette	INFO	Listening on port 58341
1619081696955	Marionette	WARN	TLS certificate errors will be ignored for this session
1619081709756	Marionette	INFO	Stopped listening on port 58341

###!!! [Child][RunMessage] Error: Channel closing: too late to send/recv, messages will be lost

1619160775726	geckodriver	INFO	Listening on 127.0.0.1:52436
1619160778765	mozrunner::runner	INFO	Running command: "C:\\Program Files\\Mozilla Firefox\\firefox.exe" "--marionette" "-foreground" "-no-remote" "-profile" "C:\\Users\\lqa\\AppData\\Local\\Temp\\rust_mozprofile0wTqOE"
1619160779348	Marionette	INFO	Marionette enabled
console.warn: SearchSettings: "get: No settings file exists, new profile?" (new Error("", "(unknown module)"))
1619160782970	Marionette	INFO	Listening on port 52444
1619160783085	Marionette	WARN	TLS certificate errors will be ignored for this session
1619160783103	Marionette	INFO	Stopped listening on port 52444
JavaScript error: resource://activity-stream/lib/ActivityStreamPrefs.jsm, line 27: NS_ERROR_ILLEGAL_VALUE: Component returned failure code: 0x80070057 (NS_ERROR_ILLEGAL_VALUE) [nsIPrefBranch.removeObserver]
JavaScript error: resource://gre/modules/ExtensionSettingsStore.jsm, line 122: Error: The ExtensionSettingsStore was accessed before the initialize promise resolved.
console.log: "RemoteSettingsWorker error: Error: Can't import when we've started shutting down."
console.log: "RemoteSettingsWorker error: Error: Can't import when we've started shutting down."
console.log: "RemoteSettingsWorker error: Error: Can't import when we've started shutting down."
console.error: "Could not load engine google@search.mozilla.org: [Exception... \"AddonManager is not initialized\"  nsresult: \"0xc1f30001 (NS_ERROR_NOT_INITIALIZED)\"  location: \"JS frame :: resource://gre/modules/AddonManager.jsm :: installBuiltinAddon :: line 2550\"  data: no]"
console.error: "Could not load engine wikipedia@search.mozilla.org: [Exception... \"AddonManager is not initialized\"  nsresult: \"0xc1f30001 (NS_ERROR_NOT_INITIALIZED)\"  location: \"JS frame :: resource://gre/modules/AddonManager.jsm :: installBuiltinAddon :: line 2550\"  data: no]"
console.error: "Could not load engine coccoc@search.mozilla.org: [Exception... \"AddonManager is not initialized\"  nsresult: \"0xc1f30001 (NS_ERROR_NOT_INITIALIZED)\"  location: \"JS frame :: resource://gre/modules/AddonManager.jsm :: installBuiltinAddon :: line 2550\"  data: no]"
console.error: "Could not load engine ddg@search.mozilla.org: [Exception... \"AddonManager is not initialized\"  nsresult: \"0xc1f30001 (NS_ERROR_NOT_INITIALIZED)\"  location: \"JS frame :: resource://gre/modules/AddonManager.jsm :: installBuiltinAddon :: line 2550\"  data: no]"
console.warn: SearchService: "_init: abandoning init due to shutting down"
JavaScript error: resource://gre/modules/AsyncShutdown.jsm, line 575: uncaught exception: 2147500036
JavaScript error: resource://gre/modules/AsyncShutdown.jsm, line 575: uncaught exception: 2147500036
JavaScript error: resource://gre/modules/AsyncShutdown.jsm, line 575: uncaught exception: 2147500036
JavaScript error: resource://gre/modules/AsyncShutdown.jsm, line 575: uncaught exception: 2147500036
JavaScript error: resource://gre/modules/AsyncShutdown.jsm, line 575: uncaught exception: 2147500036
1619160814468	geckodriver	INFO	Listening on 127.0.0.1:52468
1619160817562	mozrunner::runner	INFO	Running command: "C:\\Program Files\\Mozilla Firefox\\firefox.exe" "--marionette" "-foreground" "-no-remote" "-profile" "C:\\Users\\lqa\\AppData\\Local\\Temp\\rust_mozprofileh9Pb8t"
1619160818006	Marionette	INFO	Marionette enabled
console.warn: SearchSettings: "get: No settings file exists, new profile?" (new Error("", "(unknown module)"))
1619160822027	Marionette	INFO	Listening on port 52476
1619160822400	Marionette	WARN	TLS certificate errors will be ignored for this session
1619160822421	Marionette	INFO	Stopped listening on port 52476
JavaScript error: resource://activity-stream/lib/ActivityStreamPrefs.jsm, line 27: NS_ERROR_ILLEGAL_VALUE: Component returned failure code: 0x80070057 (NS_ERROR_ILLEGAL_VALUE) [nsIPrefBranch.removeObserver]
console.error: services.settings: 
  main/fxmonitor-breaches Signature failed  TypeError: NetworkError when attempting to fetch resource.

###!!! [Child][RunMessage] Error: Channel closing: too late to send/recv, messages will be lost


###!!! [Child][RunMessage] Error: Channel closing: too late to send/recv, messages will be lost

console.log: "RemoteSettingsWorker error: Error: Can't import when we've started shutting down."
JavaScript error: resource://activity-stream/lib/PlacesFeed.jsm, line 172: NS_ERROR_UNEXPECTED: Component returned failure code: 0x8000ffff (NS_ERROR_UNEXPECTED) [nsINavBookmarksService.addObserver]
JavaScript error: resource://gre/modules/ExtensionSettingsStore.jsm, line 122: Error: The ExtensionSettingsStore was accessed before the initialize promise resolved.
console.log: "RemoteSettingsWorker error: Error: Can't import when we've started shutting down."
console.log: "RemoteSettingsWorker error: Error: Can't import when we've started shutting down."
console.log: "RemoteSettingsWorker error: Error: Can't import when we've started shutting down."
console.error: "Could not load engine google@search.mozilla.org: [Exception... \"AddonManager is not initialized\"  nsresult: \"0xc1f30001 (NS_ERROR_NOT_INITIALIZED)\"  location: \"JS frame :: resource://gre/modules/AddonManager.jsm :: installBuiltinAddon :: line 2550\"  data: no]"
console.error: "Could not load engine wikipedia@search.mozilla.org: [Exception... \"AddonManager is not initialized\"  nsresult: \"0xc1f30001 (NS_ERROR_NOT_INITIALIZED)\"  location: \"JS frame :: resource://gre/modules/AddonManager.jsm :: installBuiltinAddon :: line 2550\"  data: no]"
console.error: "Could not load engine coccoc@search.mozilla.org: [Exception... \"AddonManager is not initialized\"  nsresult: \"0xc1f30001 (NS_ERROR_NOT_INITIALIZED)\"  location: \"JS frame :: resource://gre/modules/AddonManager.jsm :: installBuiltinAddon :: line 2550\"  data: no]"
console.error: "Could not load engine ddg@search.mozilla.org: [Exception... \"AddonManager is not initialized\"  nsresult: \"0xc1f30001 (NS_ERROR_NOT_INITIALIZED)\"  location: \"JS frame :: resource://gre/modules/AddonManager.jsm :: installBuiltinAddon :: line 2550\"  data: no]"
console.warn: SearchService: "_init: abandoning init due to shutting down"
JavaScript error: , line 0: uncaught exception: 2147500036
JavaScript error: , line 0: uncaught exception: 2147500036
JavaScript error: , line 0: uncaught exception: 2147500036
JavaScript error: , line 0: uncaught exception: 2147500036
JavaScript error: , line 0: uncaught exception: 2147500036
JavaScript error: , line 0: AbortError: A request was aborted, for example through a call to IDBTransaction.abort.

###!!! [Child][RunMessage] Error: Channel closing: too late to send/recv, messages will be lost

JavaScript error: resource://gre/modules/CrashManager.jsm, line 833: NotAllowedError: Shutting down and refusing additional I/O tasks
1619161051380	geckodriver	INFO	Listening on 127.0.0.1:52538
1619161054395	mozrunner::runner	INFO	Running command: "C:\\Program Files\\Mozilla Firefox\\firefox.exe" "--marionette" "-foreground" "-no-remote" "-profile" "C:\\Users\\lqa\\AppData\\Local\\Temp\\rust_mozprofilegZnbiu"
1619161054905	Marionette	INFO	Marionette enabled
console.warn: SearchSettings: "get: No settings file exists, new profile?" (new Error("", "(unknown module)"))
1619161059130	Marionette	INFO	Listening on port 52546
1619161059219	Marionette	WARN	TLS certificate errors will be ignored for this session
1619161059239	Marionette	INFO	Stopped listening on port 52546
JavaScript error: resource://activity-stream/lib/ActivityStreamPrefs.jsm, line 27: NS_ERROR_ILLEGAL_VALUE: Component returned failure code: 0x80070057 (NS_ERROR_ILLEGAL_VALUE) [nsIPrefBranch.removeObserver]
console.error: services.settings: 
  main/fxmonitor-breaches Signature failed  TypeError: NetworkError when attempting to fetch resource.
console.error: (new Error("Connection closed before committing the transaction.", "resource://gre/modules/Sqlite.jsm", 687))
console.log: "RemoteSettingsWorker error: Error: Can't import when we've started shutting down."
console.log: "RemoteSettingsWorker error: Error: Can't import when we've started shutting down."
console.log: "RemoteSettingsWorker error: Error: Can't import when we've started shutting down."
console.log: "RemoteSettingsWorker error: Error: Can't import when we've started shutting down."
console.log: "RemoteSettingsWorker error: Error: Can't import when we've started shutting down."
console.log: "RemoteSettingsWorker error: Error: Can't import when we've started shutting down."
console.error: "Could not load engine google@search.mozilla.org: [Exception... \"AddonManager is not initialized\"  nsresult: \"0xc1f30001 (NS_ERROR_NOT_INITIALIZED)\"  location: \"JS frame :: resource://gre/modules/AddonManager.jsm :: installBuiltinAddon :: line 2550\"  data: no]"
console.error: "Could not load engine wikipedia@search.mozilla.org: [Exception... \"AddonManager is not initialized\"  nsresult: \"0xc1f30001 (NS_ERROR_NOT_INITIALIZED)\"  location: \"JS frame :: resource://gre/modules/AddonManager.jsm :: installBuiltinAddon :: line 2550\"  data: no]"
console.error: "Could not load engine coccoc@search.mozilla.org: [Exception... \"AddonManager is not initialized\"  nsresult: \"0xc1f30001 (NS_ERROR_NOT_INITIALIZED)\"  location: \"JS frame :: resource://gre/modules/AddonManager.jsm :: installBuiltinAddon :: line 2550\"  data: no]"
console.error: "Could not load engine ddg@search.mozilla.org: [Exception... \"AddonManager is not initialized\"  nsresult: \"0xc1f30001 (NS_ERROR_NOT_INITIALIZED)\"  location: \"JS frame :: resource://gre/modules/AddonManager.jsm :: installBuiltinAddon :: line 2550\"  data: no]"
console.warn: SearchService: "_init: abandoning init due to shutting down"
JavaScript error: resource://gre/modules/AsyncShutdown.jsm, line 575: uncaught exception: 2147500036
JavaScript error: resource://gre/modules/AsyncShutdown.jsm, line 575: uncaught exception: 2147500036
JavaScript error: resource://gre/modules/AsyncShutdown.jsm, line 575: uncaught exception: 2147500036
JavaScript error: resource://gre/modules/AsyncShutdown.jsm, line 575: uncaught exception: 2147500036
JavaScript error: resource://gre/modules/AsyncShutdown.jsm, line 575: uncaught exception: 2147500036
JavaScript error: resource://gre/modules/AsyncShutdown.jsm, line 575: uncaught exception: 2147500036

###!!! [Child][RunMessage] Error: Channel closing: too late to send/recv, messages will be lost

JavaScript error: resource://gre/modules/CrashManager.jsm, line 833: NotAllowedError: Shutting down and refusing additional I/O tasks
1619161395483	geckodriver	INFO	Listening on 127.0.0.1:52813
1619161398530	mozrunner::runner	INFO	Running command: "C:\\Program Files\\Mozilla Firefox\\firefox.exe" "--marionette" "-foreground" "-no-remote" "-profile" "C:\\Users\\lqa\\AppData\\Local\\Temp\\rust_mozprofileKULkRr"
1619161399392	Marionette	INFO	Marionette enabled
console.warn: SearchSettings: "get: No settings file exists, new profile?" (new Error("", "(unknown module)"))
1619161406503	Marionette	INFO	Listening on port 52823
1619161406740	Marionette	WARN	TLS certificate errors will be ignored for this session
1619161406758	Marionette	INFO	Stopped listening on port 52823
JavaScript error: resource://activity-stream/lib/ActivityStreamPrefs.jsm, line 27: NS_ERROR_ILLEGAL_VALUE: Component returned failure code: 0x80070057 (NS_ERROR_ILLEGAL_VALUE) [nsIPrefBranch.removeObserver]
console.error: Region.jsm: "Error fetching region" (new TypeError("NetworkError when attempting to fetch resource.", ""))
console.error: Region.jsm: "Failed to fetch region" (new Error("NO_RESULT", "resource://gre/modules/Region.jsm", 419))
[Parent 7428, IPC I/O Parent] WARNING: file /builds/worker/checkouts/gecko/ipc/chromium/src/base/process_util_win.cc:167
JavaScript error: resource://gre/modules/NewTabUtils.jsm, line 674: NS_ERROR_UNEXPECTED: Component returned failure code: 0x8000ffff (NS_ERROR_UNEXPECTED) [nsINavHistoryService.asyncExecuteLegacyQuery]
JavaScript error: resource://gre/modules/ExtensionSettingsStore.jsm, line 122: Error: The ExtensionSettingsStore was accessed before the initialize promise resolved.
console.log: "RemoteSettingsWorker error: Error: Can't import when we've started shutting down."
console.log: "RemoteSettingsWorker error: Error: Can't import when we've started shutting down."
console.log: "RemoteSettingsWorker error: Error: Can't import when we've started shutting down."
console.error: "Could not load engine google@search.mozilla.org: [Exception... \"AddonManager is not initialized\"  nsresult: \"0xc1f30001 (NS_ERROR_NOT_INITIALIZED)\"  location: \"JS frame :: resource://gre/modules/AddonManager.jsm :: installBuiltinAddon :: line 2550\"  data: no]"
console.log: "RemoteSettingsWorker error: Error: Can't import when we've started shutting down."
console.error: "Could not load engine wikipedia@search.mozilla.org: [Exception... \"AddonManager is not initialized\"  nsresult: \"0xc1f30001 (NS_ERROR_NOT_INITIALIZED)\"  location: \"JS frame :: resource://gre/modules/AddonManager.jsm :: installBuiltinAddon :: line 2550\"  data: no]"
console.error: "Could not load engine coccoc@search.mozilla.org: [Exception... \"AddonManager is not initialized\"  nsresult: \"0xc1f30001 (NS_ERROR_NOT_INITIALIZED)\"  location: \"JS frame :: resource://gre/modules/AddonManager.jsm :: installBuiltinAddon :: line 2550\"  data: no]"
console.error: "Could not load engine ddg@search.mozilla.org: [Exception... \"AddonManager is not initialized\"  nsresult: \"0xc1f30001 (NS_ERROR_NOT_INITIALIZED)\"  location: \"JS frame :: resource://gre/modules/AddonManager.jsm :: installBuiltinAddon :: line 2550\"  data: no]"
console.warn: SearchService: "_init: abandoning init due to shutting down"
JavaScript error: resource://gre/modules/AsyncShutdown.jsm, line 575: uncaught exception: 2147500036
JavaScript error: resource://gre/modules/AsyncShutdown.jsm, line 575: uncaught exception: 2147500036
JavaScript error: resource://gre/modules/AsyncShutdown.jsm, line 575: uncaught exception: 2147500036
JavaScript error: resource://gre/modules/AsyncShutdown.jsm, line 575: uncaught exception: 2147500036
JavaScript error: resource://gre/modules/AsyncShutdown.jsm, line 575: uncaught exception: 2147500036
console.error: PushService: 
  stateChangeProcessEnqueue: Error transitioning state
  AbortError
console.error: PushService: 
  clearOriginData: Error clearing origin data:
  AbortError

###!!! [Child][RunMessage] Error: Channel closing: too late to send/recv, messages will be lost

1619161423395	geckodriver	INFO	Listening on 127.0.0.1:52858
1619161426408	mozrunner::runner	INFO	Running command: "C:\\Program Files\\Mozilla Firefox\\firefox.exe" "--marionette" "-foreground" "-no-remote" "-profile" "C:\\Users\\lqa\\AppData\\Local\\Temp\\rust_mozprofile3DtcnX"
1619161427878	Marionette	INFO	Marionette enabled
console.warn: SearchSettings: "get: No settings file exists, new profile?" (new Error("", "(unknown module)"))
1619161433191	Marionette	INFO	Listening on port 52868
1619161433370	Marionette	WARN	TLS certificate errors will be ignored for this session
1619161433392	Marionette	INFO	Stopped listening on port 52868
JavaScript error: resource://activity-stream/lib/ActivityStreamPrefs.jsm, line 27: NS_ERROR_ILLEGAL_VALUE: Component returned failure code: 0x80070057 (NS_ERROR_ILLEGAL_VALUE) [nsIPrefBranch.removeObserver]
console.log: "RemoteSettingsWorker error: AbortError: IndexedDB:  execute() A request was aborted, for example through a call to IDBTransaction.abort."

###!!! [Child][RunMessage] Error: Channel closing: too late to send/recv, messages will be lost

JavaScript error: resource://gre/modules/ExtensionSettingsStore.jsm, line 122: Error: The ExtensionSettingsStore was accessed before the initialize promise resolved.
console.log: "RemoteSettingsWorker error: Error: Can't import when we've started shutting down."
console.log: "RemoteSettingsWorker error: Error: Can't import when we've started shutting down."
console.log: "RemoteSettingsWorker error: Error: Can't import when we've started shutting down."
console.error: "Could not load engine google@search.mozilla.org: [Exception... \"AddonManager is not initialized\"  nsresult: \"0xc1f30001 (NS_ERROR_NOT_INITIALIZED)\"  location: \"JS frame :: resource://gre/modules/AddonManager.jsm :: installBuiltinAddon :: line 2550\"  data: no]"
console.error: "Could not load engine wikipedia@search.mozilla.org: [Exception... \"AddonManager is not initialized\"  nsresult: \"0xc1f30001 (NS_ERROR_NOT_INITIALIZED)\"  location: \"JS frame :: resource://gre/modules/AddonManager.jsm :: installBuiltinAddon :: line 2550\"  data: no]"
console.error: "Could not load engine coccoc@search.mozilla.org: [Exception... \"AddonManager is not initialized\"  nsresult: \"0xc1f30001 (NS_ERROR_NOT_INITIALIZED)\"  location: \"JS frame :: resource://gre/modules/AddonManager.jsm :: installBuiltinAddon :: line 2550\"  data: no]"
console.error: "Could not load engine ddg@search.mozilla.org: [Exception... \"AddonManager is not initialized\"  nsresult: \"0xc1f30001 (NS_ERROR_NOT_INITIALIZED)\"  location: \"JS frame :: resource://gre/modules/AddonManager.jsm :: installBuiltinAddon :: line 2550\"  data: no]"
console.warn: SearchService: "_init: abandoning init due to shutting down"
JavaScript error: resource://gre/modules/AsyncShutdown.jsm, line 575: uncaught exception: 2147500036
JavaScript error: resource://gre/modules/AsyncShutdown.jsm, line 575: uncaught exception: 2147500036
JavaScript error: resource://gre/modules/AsyncShutdown.jsm, line 575: uncaught exception: 2147500036
JavaScript error: resource://gre/modules/AsyncShutdown.jsm, line 575: uncaught exception: 2147500036
JavaScript error: resource://gre/modules/AsyncShutdown.jsm, line 575: uncaught exception: 2147500036

###!!! [Child][RunMessage] Error: Channel closing: too late to send/recv, messages will be lost

JavaScript error: resource://gre/modules/CrashManager.jsm, line 833: NotAllowedError: Shutting down and refusing additional I/O tasks
1619161623573	geckodriver	INFO	Listening on 127.0.0.1:52919
1619161626580	mozrunner::runner	INFO	Running command: "C:\\Program Files\\Mozilla Firefox\\firefox.exe" "--marionette" "-foreground" "-no-remote" "-profile" "C:\\Users\\lqa\\AppData\\Local\\Temp\\rust_mozprofilewb6oxT"
1619161627506	Marionette	INFO	Marionette enabled
console.warn: SearchSettings: "get: No settings file exists, new profile?" (new Error("", "(unknown module)"))
1619161631443	Marionette	INFO	Listening on port 52927
1619161631901	Marionette	WARN	TLS certificate errors will be ignored for this session
1619161655272	Marionette	INFO	Stopped listening on port 52927

###!!! [Child][RunMessage] Error: Channel closing: too late to send/recv, messages will be lost

1619161671170	geckodriver	INFO	Listening on 127.0.0.1:52999
1619161674206	mozrunner::runner	INFO	Running command: "C:\\Program Files\\Mozilla Firefox\\firefox.exe" "--marionette" "-foreground" "-no-remote" "-profile" "C:\\Users\\lqa\\AppData\\Local\\Temp\\rust_mozprofilevypW0q"
1619161675162	Marionette	INFO	Marionette enabled
console.warn: SearchSettings: "get: No settings file exists, new profile?" (new Error("", "(unknown module)"))
1619161679270	Marionette	INFO	Listening on port 53007
1619161679519	Marionette	WARN	TLS certificate errors will be ignored for this session
1619161701361	Marionette	INFO	Stopped listening on port 53007

###!!! [Child][RunMessage] Error: Channel closing: too late to send/recv, messages will be lost

1619163357516	geckodriver	INFO	Listening on 127.0.0.1:53203
1619163360563	mozrunner::runner	INFO	Running command: "C:\\Program Files\\Mozilla Firefox\\firefox.exe" "--marionette" "-foreground" "-no-remote" "-profile" "C:\\Users\\lqa\\AppData\\Local\\Temp\\rust_mozprofileWW5v11"
1619163360968	Marionette	INFO	Marionette enabled
console.warn: SearchSettings: "get: No settings file exists, new profile?" (new Error("", "(unknown module)"))
1619163364522	Marionette	INFO	Listening on port 53211
1619163364741	Marionette	WARN	TLS certificate errors will be ignored for this session
1619163386594	Marionette	INFO	Stopped listening on port 53211

###!!! [Child][RunMessage] Error: Channel closing: too late to send/recv, messages will be lost

1619163437150	geckodriver	INFO	Listening on 127.0.0.1:53298
1619163440224	mozrunner::runner	INFO	Running command: "C:\\Program Files\\Mozilla Firefox\\firefox.exe" "--marionette" "-foreground" "-no-remote" "-profile" "C:\\Users\\lqa\\AppData\\Local\\Temp\\rust_mozprofileMWpeA7"
1619163440729	Marionette	INFO	Marionette enabled
console.warn: SearchSettings: "get: No settings file exists, new profile?" (new Error("", "(unknown module)"))
1619163445022	Marionette	INFO	Listening on port 53306
1619163445075	Marionette	WARN	TLS certificate errors will be ignored for this session
1619163466143	Marionette	INFO	Stopped listening on port 53306

###!!! [Child][RunMessage] Error: Channel closing: too late to send/recv, messages will be lost

1619163999281	geckodriver	INFO	Listening on 127.0.0.1:53598
1619164002305	mozrunner::runner	INFO	Running command: "C:\\Program Files\\Mozilla Firefox\\firefox.exe" "--marionette" "-foreground" "-no-remote" "-profile" "C:\\Users\\lqa\\AppData\\Local\\Temp\\rust_mozprofileRP3Ccf"
1619164002771	Marionette	INFO	Marionette enabled
console.warn: SearchSettings: "get: No settings file exists, new profile?" (new Error("", "(unknown module)"))
JavaScript error: resource://activity-stream/lib/ActivityStreamPrefs.jsm, line 27: NS_ERROR_ILLEGAL_VALUE: Component returned failure code: 0x80070057 (NS_ERROR_ILLEGAL_VALUE) [nsIPrefBranch.removeObserver]
1619164006647	Marionette	INFO	Listening on port 53606
console.error: Region.jsm: "Error fetching region" (new TypeError("NetworkError when attempting to fetch resource.", ""))
console.error: Region.jsm: "Failed to fetch region" (new Error("NO_RESULT", "resource://gre/modules/Region.jsm", 419))
1619164053389	geckodriver	INFO	Listening on 127.0.0.1:53631
1619164056475	mozrunner::runner	INFO	Running command: "C:\\Program Files\\Mozilla Firefox\\firefox.exe" "--marionette" "-foreground" "-no-remote" "-profile" "C:\\Users\\lqa\\AppData\\Local\\Temp\\rust_mozprofileJDJR2t"
1619164056985	Marionette	INFO	Marionette enabled
console.warn: SearchSettings: "get: No settings file exists, new profile?" (new Error("", "(unknown module)"))
[Parent 12304, IPC I/O Parent] WARNING: file /builds/worker/checkouts/gecko/ipc/chromium/src/base/process_util_win.cc:167
1619164063124	Marionette	INFO	Listening on port 53650
1619164063452	Marionette	WARN	TLS certificate errors will be ignored for this session
1619164084980	Marionette	INFO	Stopped listening on port 53650

###!!! [Child][RunMessage] Error: Channel closing: too late to send/recv, messages will be lost

1619164516940	geckodriver	INFO	Listening on 127.0.0.1:53783
1619164519994	mozrunner::runner	INFO	Running command: "C:\\Program Files\\Mozilla Firefox\\firefox.exe" "--marionette" "-foreground" "-no-remote" "-profile" "C:\\Users\\lqa\\AppData\\Local\\Temp\\rust_mozprofileriMblP"
1619164520685	Marionette	INFO	Marionette enabled
console.warn: SearchSettings: "get: No settings file exists, new profile?" (new Error("", "(unknown module)"))
1619164524274	Marionette	INFO	Listening on port 53791
1619164524315	Marionette	WARN	TLS certificate errors will be ignored for this session
1619164546343	Marionette	INFO	Stopped listening on port 53791

###!!! [Child][RunMessage] Error: Channel closing: too late to send/recv, messages will be lost

1619164602098	geckodriver	INFO	Listening on 127.0.0.1:53880
1619164605174	mozrunner::runner	INFO	Running command: "C:\\Program Files\\Mozilla Firefox\\firefox.exe" "--marionette" "-foreground" "-no-remote" "-profile" "C:\\Users\\lqa\\AppData\\Local\\Temp\\rust_mozprofileaap9ZN"
1619164606178	Marionette	INFO	Marionette enabled
console.warn: SearchSettings: "get: No settings file exists, new profile?" (new Error("", "(unknown module)"))
1619164609701	Marionette	INFO	Listening on port 53888
1619164610000	Marionette	WARN	TLS certificate errors will be ignored for this session
1619164635965	Marionette	INFO	Stopped listening on port 53888

###!!! [Child][RunMessage] Error: Channel closing: too late to send/recv, messages will be lost

1619164780222	geckodriver	INFO	Listening on 127.0.0.1:53986
1619164783285	mozrunner::runner	INFO	Running command: "C:\\Program Files\\Mozilla Firefox\\firefox.exe" "--marionette" "-foreground" "-no-remote" "-profile" "C:\\Users\\lqa\\AppData\\Local\\Temp\\rust_mozprofileej3471"
1619164784123	Marionette	INFO	Marionette enabled
console.warn: SearchSettings: "get: No settings file exists, new profile?" (new Error("", "(unknown module)"))
1619164787633	Marionette	INFO	Listening on port 53994
1619164788152	Marionette	WARN	TLS certificate errors will be ignored for this session
1619164790697	Marionette	INFO	Stopped listening on port 53994

###!!! [Child][RunMessage] Error: Channel closing: too late to send/recv, messages will be lost

1619164855616	geckodriver	INFO	Listening on 127.0.0.1:54053
1619164858670	mozrunner::runner	INFO	Running command: "C:\\Program Files\\Mozilla Firefox\\firefox.exe" "--marionette" "-foreground" "-no-remote" "-profile" "C:\\Users\\lqa\\AppData\\Local\\Temp\\rust_mozprofiletNixgA"
1619164859136	Marionette	INFO	Marionette enabled
console.warn: SearchSettings: "get: No settings file exists, new profile?" (new Error("", "(unknown module)"))
1619164862585	Marionette	INFO	Listening on port 54061
1619164862905	Marionette	WARN	TLS certificate errors will be ignored for this session
1619164884632	Marionette	INFO	Stopped listening on port 54061

###!!! [Child][RunMessage] Error: Channel closing: too late to send/recv, messages will be lost

1619165056360	geckodriver	INFO	Listening on 127.0.0.1:54127
1619165059417	mozrunner::runner	INFO	Running command: "C:\\Program Files\\Mozilla Firefox\\firefox.exe" "--marionette" "-foreground" "-no-remote" "-profile" "C:\\Users\\lqa\\AppData\\Local\\Temp\\rust_mozprofileKKGR9u"
1619165059848	Marionette	INFO	Marionette enabled
console.warn: SearchSettings: "get: No settings file exists, new profile?" (new Error("", "(unknown module)"))
1619165063044	Marionette	INFO	Listening on port 54135
1619165063843	Marionette	WARN	TLS certificate errors will be ignored for this session
1619165105358	Marionette	INFO	Stopped listening on port 54135

###!!! [Child][RunMessage] Error: Channel closing: too late to send/recv, messages will be lost

1619165143698	geckodriver	INFO	Listening on 127.0.0.1:54202
1619165146733	mozrunner::runner	INFO	Running command: "C:\\Program Files\\Mozilla Firefox\\firefox.exe" "--marionette" "-foreground" "-no-remote" "-profile" "C:\\Users\\lqa\\AppData\\Local\\Temp\\rust_mozprofileG9VG9D"
1619165147365	Marionette	INFO	Marionette enabled
console.warn: SearchSettings: "get: No settings file exists, new profile?" (new Error("", "(unknown module)"))
1619165150778	Marionette	INFO	Listening on port 54210
1619165151138	Marionette	WARN	TLS certificate errors will be ignored for this session
1619165188189	Marionette	INFO	Stopped listening on port 54210

###!!! [Child][RunMessage] Error: Channel closing: too late to send/recv, messages will be lost

1619165249979	geckodriver	INFO	Listening on 127.0.0.1:54276
1619165253032	mozrunner::runner	INFO	Running command: "C:\\Program Files\\Mozilla Firefox\\firefox.exe" "--marionette" "-foreground" "-no-remote" "-profile" "C:\\Users\\lqa\\AppData\\Local\\Temp\\rust_mozprofilejyDs3L"
1619165253465	Marionette	INFO	Marionette enabled
console.warn: SearchSettings: "get: No settings file exists, new profile?" (new Error("", "(unknown module)"))
1619165256776	Marionette	INFO	Listening on port 54284
1619165257240	Marionette	WARN	TLS certificate errors will be ignored for this session
1619165308307	Marionette	INFO	Stopped listening on port 54284

###!!! [Child][RunMessage] Error: Channel closing: too late to send/recv, messages will be lost

1619165340796	geckodriver	INFO	Listening on 127.0.0.1:54346
1619165343827	mozrunner::runner	INFO	Running command: "C:\\Program Files\\Mozilla Firefox\\firefox.exe" "--marionette" "-foreground" "-no-remote" "-profile" "C:\\Users\\lqa\\AppData\\Local\\Temp\\rust_mozprofilevdaD6Z"
1619165344338	Marionette	INFO	Marionette enabled
console.warn: SearchSettings: "get: No settings file exists, new profile?" (new Error("", "(unknown module)"))
1619165347803	Marionette	INFO	Listening on port 54354
1619165348054	Marionette	WARN	TLS certificate errors will be ignored for this session
1619165378227	Marionette	INFO	Stopped listening on port 54354

###!!! [Child][RunMessage] Error: Channel closing: too late to send/recv, messages will be lost

1619165425437	geckodriver	INFO	Listening on 127.0.0.1:54419
1619165428471	mozrunner::runner	INFO	Running command: "C:\\Program Files\\Mozilla Firefox\\firefox.exe" "--marionette" "-foreground" "-no-remote" "-profile" "C:\\Users\\lqa\\AppData\\Local\\Temp\\rust_mozprofileZVpjuN"
1619165429175	Marionette	INFO	Marionette enabled
console.warn: SearchSettings: "get: No settings file exists, new profile?" (new Error("", "(unknown module)"))
1619165435626	Marionette	INFO	Listening on port 54434
1619165435935	Marionette	WARN	TLS certificate errors will be ignored for this session
1619165439221	Marionette	INFO	Stopped listening on port 54434
JavaScript error: resource://gre/modules/UrlClassifierListManager.jsm, line 691: TypeError: this.tablesData[table] is undefined

###!!! [Child][RunMessage] Error: Channel closing: too late to send/recv, messages will be lost

1619165460828	geckodriver	INFO	Listening on 127.0.0.1:54517
1619165463864	mozrunner::runner	INFO	Running command: "C:\\Program Files\\Mozilla Firefox\\firefox.exe" "--marionette" "-foreground" "-no-remote" "-profile" "C:\\Users\\lqa\\AppData\\Local\\Temp\\rust_mozprofileDaVF9C"
1619165464451	Marionette	INFO	Marionette enabled
console.warn: SearchSettings: "get: No settings file exists, new profile?" (new Error("", "(unknown module)"))
1619165470628	Marionette	INFO	Listening on port 54531
1619165471023	Marionette	WARN	TLS certificate errors will be ignored for this session
JavaScript error: , line 0: NS_ERROR_NOT_AVAILABLE
1619166773446	Marionette	INFO	Stopped listening on port 54531

###!!! [Child][RunMessage] Error: Channel closing: too late to send/recv, messages will be lost

 "C:\\Users\\lqa\\AppData\\Local\\Temp\\rust_mozprofilekjZkqX"
1619165478413	Marionette	INFO	Marionette enabled
console.warn: SearchSettings: "get: No settings file exists, new profile?" (new Error("", "(unknown module)"))
1619165486331	Marionette	INFO	Listening on port 54632
1619165487328	Marionette	WARN	TLS certificate errors will be ignored for this session
1619165527563	Marionette	INFO	Stopped listening on port 54632
[Parent 27460, IPC I/O Parent] WARNING: file /builds/worker/checkouts/gecko/ipc/chromium/src/base/process_util_win.cc:167
[Parent 27460, IPC I/O Parent] WARNING: file /builds/worker/checkouts/gecko/ipc/chromium/src/base/process_util_win.cc:167

###!!! [Child][RunMessage] Error: Channel closing: too late to send/recv, messages will be lost

1619165843613	geckodriver	INFO	Listening on 127.0.0.1:54756
1619165846671	mozrunner::runner	INFO	Running command: "C:\\Program Files\\Mozilla Firefox\\firefox.exe" "--marionette" "-foreground" "-no-remote" "-profile" "C:\\Users\\lqa\\AppData\\Local\\Temp\\rust_mozprofile8Mt10b"
1619165848399	Marionette	INFO	Marionette enabled
console.warn: SearchSettings: "get: No settings file exists, new profile?" (new Error("", "(unknown module)"))
1619165855876	Marionette	INFO	Listening on port 54764
1619165856332	Marionette	WARN	TLS certificate errors will be ignored for this session
JavaScript error: , line 0: NS_ERROR_NOT_AVAILABLE
1619166772869	Marionette	INFO	Stopped listening on port 54764
C:\\Program Files\\Mozilla Firefox\\firefox.exe" "--marionette" "-foreground" "-no-remote" "-profile" "C:\\Users\\lqa\\AppData\\Local\\Temp\\rust_mozprofileLyEX2t"
1619165918679	Marionette	INFO	Marionette enabled
console.warn: SearchSettings: "get: No settings file exists, new profile?" (new Error("", "(unknown module)"))
1619165924380	Marionette	INFO	Listening on port 54883
1619165924690	Marionette	WARN	TLS certificate errors will be ignored for this session
JavaScript error: , line 0: NS_ERROR_NOT_AVAILABLE
[Parent 29172, IPC I/O Parent] WARNING: file /builds/worker/checkouts/gecko/ipc/chromium/src/base/process_util_win.cc:167
1619166774833	Marionette	INFO	Stopped listening on port 54883
ata\\Local\\Temp\\rust_mozprofilecD2usk"
1619165932019	Marionette	INFO	Marionette enabled
console.warn: SearchSettings: "get: No settings file exists, new profile?" (new Error("", "(unknown module)"))
1619165936291	Marionette	INFO	Listening on port 54932
1619165936398	Marionette	WARN	TLS certificate errors will be ignored for this session
1619165967666	Marionette	INFO	Stopped listening on port 54932

###!!! [Child][RunMessage] Error: Channel closing: too late to send/recv, messages will be lost

1619166016633	geckodriver	INFO	Listening on 127.0.0.1:55000
1619166019674	mozrunner::runner	INFO	Running command: "C:\\Program Files\\Mozilla Firefox\\firefox.exe" "--marionette" "-foreground" "-no-remote" "-profile" "C:\\Users\\lqa\\AppData\\Local\\Temp\\rust_mozprofileqHyeKS"
1619166021019	Marionette	INFO	Marionette enabled
console.warn: SearchSettings: "get: No settings file exists, new profile?" (new Error("", "(unknown module)"))
1619166030821	Marionette	INFO	Listening on port 55016
console.error: Region.jsm: "Error fetching region" (new Error("TIMEOUT", "resource://gre/modules/Region.jsm", 772))
console.error: Region.jsm: "Failed to fetch region" (new Error("TIMEOUT", "resource://gre/modules/Region.jsm", 419))
1619166032364	Marionette	WARN	TLS certificate errors will be ignored for this session
[Parent 13072, IPC I/O Parent] WARNING: file /builds/worker/checkouts/gecko/ipc/chromium/src/base/process_util_win.cc:167
1619166775515	Marionette	INFO	Stopped listening on port 55016

###!!! [Child][RunMessage] Error: Channel closing: too late to send/recv, messages will be lost

45422	Marionette	INFO	Marionette enabled
console.error: "Could not write session state file " (new Error("_initWorker called too early! Please read the session file from disk first.", "resource:///modules/sessionstore/SessionFile.jsm", 375)) "_initWorker/<@resource:///modules/sessionstore/SessionFile.jsm:375:15\n_initWorker@resource:///modules/sessionstore/SessionFile.jsm:368:12\n_postToWorker@resource:///modules/sessionstore/SessionFile.jsm:410:16\nwrite@resource:///modules/sessionstore/SessionFile.jsm:448:24\nwrite@resource:///modules/sessionstore/SessionFile.jsm:75:32\n_writeState@resource:///modules/sessionstore/SessionSaver.jsm:367:24\n_saveState@resource:///modules/sessionstore/SessionSaver.jsm:301:17\n_saveStateAsync@resource:///modules/sessionstore/SessionSaver.jsm:351:10\nsaveStateAsyncWhenIdle@resource:///modules/sessionstore/SessionSaver.jsm:198:14\ncallback@resource://gre/modules/Timer.jsm:127:16\n"
console.warn: SearchSettings: "get: No settings file exists, new profile?" (new Error("", "(unknown module)"))
1619166074219	Marionette	INFO	Listening on port 55117
1619166074682	Marionette	WARN	TLS certificate errors will be ignored for this session
1619166114406	Marionette	INFO	Stopped listening on port 55117

###!!! [Child][RunMessage] Error: Channel closing: too late to send/recv, messages will be lost

1619166338897	geckodriver	INFO	Listening on 127.0.0.1:55252
1619166341924	mozrunner::runner	INFO	Running command: "C:\\Program Files\\Mozilla Firefox\\firefox.exe" "--marionette" "-foreground" "-no-remote" "-profile" "C:\\Users\\lqa\\AppData\\Local\\Temp\\rust_mozprofileSR7Oft"
1619166343620	Marionette	INFO	Marionette enabled
console.warn: SearchSettings: "get: No settings file exists, new profile?" (new Error("", "(unknown module)"))
1619166353002	Marionette	INFO	Listening on port 55260
console.error: Region.jsm: "Error fetching region" (new Error("TIMEOUT", "resource://gre/modules/Region.jsm", 772))
console.error: Region.jsm: "Failed to fetch region" (new Error("TIMEOUT", "resource://gre/modules/Region.jsm", 419))
1619166353238	Marionette	WARN	TLS certificate errors will be ignored for this session
1619166775888	Marionette	INFO	Stopped listening on port 55260

###!!! [Child][RunMessage] Error: Channel closing: too late to send/recv, messages will be lost

"--marionette" "-foreground" "-no-remote" "-profile" "C:\\Users\\lqa\\AppData\\Local\\Temp\\rust_mozprofile7fYz4g"
1619166414950	Marionette	INFO	Marionette enabled
console.warn: SearchSettings: "get: No settings file exists, new profile?" (new Error("", "(unknown module)"))
1619166420709	Marionette	INFO	Listening on port 55351
1619166421289	Marionette	WARN	TLS certificate errors will be ignored for this session
[Parent 33432, IPC I/O Parent] WARNING: file /builds/worker/checkouts/gecko/ipc/chromium/src/base/process_util_win.cc:167
1619166776044	Marionette	INFO	Stopped listening on port 55351

###!!! [Child][RunMessage] Error: Channel closing: too late to send/recv, messages will be lost

29845	Marionette	INFO	Marionette enabled
console.warn: SearchSettings: "get: No settings file exists, new profile?" (new Error("", "(unknown module)"))
1619166438505	Marionette	INFO	Listening on port 55404
1619166438554	Marionette	WARN	TLS certificate errors will be ignored for this session
1619166459347	Marionette	INFO	Stopped listening on port 55404
JavaScript error: http://automationpractice.com/js/jquery/jquery-1.11.0.min.js, line 2: NS_ERROR_NOT_INITIALIZED: 
[Parent 16892, IPC I/O Parent] WARNING: file /builds/worker/checkouts/gecko/ipc/chromium/src/base/process_util_win.cc:167
[Parent 16892, IPC I/O Parent] WARNING: file /builds/worker/checkouts/gecko/ipc/chromium/src/base/process_util_win.cc:167
1619166582861	geckodriver	INFO	Listening on 127.0.0.1:55478
1619166585919	mozrunner::runner	INFO	Running command: "C:\\Program Files\\Mozilla Firefox\\firefox.exe" "--marionette" "-foreground" "-no-remote" "-profile" "C:\\Users\\lqa\\AppData\\Local\\Temp\\rust_mozprofile6f3RV8"
1619166587084	Marionette	INFO	Marionette enabled
console.warn: SearchSettings: "get: No settings file exists, new profile?" (new Error("", "(unknown module)"))
console.error: Region.jsm: "Error fetching region" (new Error("TIMEOUT", "resource://gre/modules/Region.jsm", 772))
console.error: Region.jsm: "Failed to fetch region" (new Error("TIMEOUT", "resource://gre/modules/Region.jsm", 419))
1619166600899	Marionette	INFO	Listening on port 55491
1619166604194	Marionette	WARN	TLS certificate errors will be ignored for this session
1619166777564	Marionette	INFO	Stopped listening on port 55494

###!!! [Child][RunMessage] Error: Channel closing: too late to send/recv, messages will be lost

tening on port 55491

###!!! [Child][RunMessage] Error: Channel closing: too late to send/recv, messages will be lost

13908	Marionette	INFO	Marionette enabled
console.warn: SearchSettings: "get: No settings file exists, new profile?" (new Error("", "(unknown module)"))
console.error: Region.jsm: "Error fetching region" (new AbortError("The operation was aborted. ", (void 0), 770))
console.error: Region.jsm: "Failed to fetch region" (new Error("NO_RESULT", "resource://gre/modules/Region.jsm", 419))
1619166627339	Marionette	INFO	Listening on port 55602
1619166627435	Marionette	WARN	TLS certificate errors will be ignored for this session
1619166659324	Marionette	INFO	Stopped listening on port 55602

###!!! [Child][RunMessage] Error: Channel closing: too late to send/recv, messages will be lost

1619166793069	geckodriver	INFO	Listening on 127.0.0.1:55708
1619166800279	mozrunner::runner	INFO	Running command: "C:\\Program Files\\Mozilla Firefox\\firefox.exe" "--marionette" "-foreground" "-no-remote" "-profile" "C:\\Users\\lqa\\AppData\\Local\\Temp\\rust_mozprofileK9WMhK"
1619166801655	Marionette	INFO	Marionette enabled
console.warn: SearchSettings: "get: No settings file exists, new profile?" (new Error("", "(unknown module)"))
1619166810142	Marionette	INFO	Listening on port 55725
console.error: Region.jsm: "Error fetching region" (new Error("TIMEOUT", "resource://gr1619166978849	Marionette	INFO	Stopped listening on port 55721

###!!! [Child][RunMessage] Error: Channel closing: too late to send/recv, messages will be lost

"--marionette" "-foreground" "-no-remote" "-profile" "C:\\Users\\lqa\\A1619166980195	Marionette	INFO	Stopped listening on port 55725

###!!! [Child][RunMessage] Error: Channel closing: too late to send/recv, messages will be lost

le?" (new Error("", "(unknown module)"))
1619166823991	Marionette	INFO	Listening on port 55811
1619166824506	Marionette	WARN	TLS certificate errors will be ignored for this session
1619166862039	Marionette	INFO	Stopped listening on port 55811

###!!! [Child][RunMessage] Error: Channel closing: too late to send/recv, messages will be lost

1619166901100	geckodriver	INFO	Listening on 127.0.0.1:55915
1619166904176	mozrunner::runner	INFO	Running command: "C:\\Program Files\\Mozilla Firefox\\firefox.exe" "--marionette" "-foreground" "-no-remote" "-profile" "C:\\Users\\lqa\\AppData\\Local\\Temp\\rust_mozprofileCV80AV"
1619166904621	Marionette	INFO	Marionette enabled
console.warn: SearchSettings: "get: No settings file exists, new profile?" (new Error("", "(unknown module)"))
1619166908745	Marionette	INFO	Listening on port 55923
1619166908994	Marionette	WARN	TLS certificate errors will be ignored for this session
1619166982259	Marionette	INFO	Stopped listening on port 55923

###!!! [Child][RunMessage] Error: Channel closing: too late to send/recv, messages will be lost

"--marionette" "-foreground" "-no-remote" "-profile" "C:\\Users\\lqa\\AppData\\Local\\Temp\\rust_mozprofileUERMZn"
1619166959863	Marionette	INFO	Marionette enabled
console.warn: SearchSettings: "get: No settings file exists, new profile?" (new Error("", "(unknown module)"))
1619166963697	Marionette	INFO	Listening on port 56000
1619166963801	Marionette	WARN	TLS certificate errors will be ignored for this session
1619166982997	Marionette	INFO	Stopped listening on port 56000

###!!! [Child][RunMessage] Error: Channel closing: too late to send/recv, messages will be lost

"--marionette" "-foreground" "-no-remote" "-profile" "C:\\Users\\lqa\\AppData\\Local\\Temp\\rust_mozprofileNEk7xS"
1619166971425	Marionette	INFO	Marionette enabled
console.warn: SearchSettings: "get: No settings file exists, new profile?" (new Error("", "(unknown module)"))
1619166975799	Marionette	INFO	Listening on port 56051
1619166976116	Marionette	WARN	TLS certificate errors will be ignored for this session
JavaScript error: resource://gre/modules/UrlClassifierListManager.jsm, line 691: TypeError: this.tablesData[table] is undefined
1619166983161	Marionette	INFO	Stopped listening on port 56051

###!!! [Child][RunMessage] Error: Channel closing: too late to send/recv, messages will be lost

1619167388208	geckodriver	INFO	Listening on 127.0.0.1:56114
1619167391285	mozrunner::runner	INFO	Running command: "C:\\Program Files\\Mozilla Firefox\\firefox.exe" "--marionette" "-foreground" "-no-remote" "-profile" "C:\\Users\\lqa\\AppData\\Local\\Temp\\rust_mozprofileAoJwP6"
1619167391863	Marionette	INFO	Marionette enabled
console.warn: SearchSettings: "get: No settings file exists, new profile?" (new Error("", "(unknown module)"))
1619167398794	Marionette	INFO	Listening on port 56130
1619167399317	Marionette	WARN	TLS certificate errors will be ignored for this session
[Parent 33008, IPC I/O Parent] WARNING: file /builds/worker/checkouts/gecko/ipc/chromium/src/base/process_util_win.cc:167
1619167498028	Marionette	INFO	Stopped listening on port 56127

###!!! [Child][RunMessage] Error: Channel closing: too late to send/recv, messages will be lost

07085	Marionette	INFO	Marionette enabled
console.warn: SearchSettings: "get: No settings file exists, new profile?" (new Error("", "(unknown module)"))
1619167414308	Marionette	INFO	Listening on port 56228
1619167414647	Marionette	WARN	TLS certificate errors will be ignored for this session
1619167447923	Marionette	INFO	Stopped listening on port 56228

###!!! [Child][RunMessage] Error: Channel closing: too late to send/recv, messages will be lost

1619167952744	geckodriver	INFO	Listening on 127.0.0.1:56570
1619167955803	mozrunner::runner	INFO	Running command: "C:\\Program Files\\Mozilla Firefox\\firefox.exe" "--marionette" "-foreground" "-no-remote" "-profile" "C:\\Users\\lqa\\AppData\\Local\\Temp\\rust_mozprofileN6VNRg"
1619167956488	Marionette	INFO	Marionette enabled
console.warn: SearchSettings: "get: No settings file exists, new profile?" (new Error("", "(unknown module)"))
1619167964365	Marionette	INFO	Listening on port 56585
1619167964441	Marionette	WARN	TLS certificate errors will be ignored for this session
[Parent 20024, IPC I/O Parent] WARNING: file /builds/worker/checkouts/gecko/ipc/chromium/src/base/process_util_win.cc:167
1619168029182	Marionette	INFO	Stopped listening on port 56587

###!!! [Child][RunMessage] Error: Channel closing: too late to send/recv, messages will be lost

ined

###!!! [Child][RunMessage] Error: Channel closing: too late to send/recv, messages will be lost

1619167973220	geckodriver	INFO	Listening on 127.0.0.1:56683
1619167976303	mozrunner::runner	INFO	Running command: "C:\\Program Files\\Mozilla Firefox\\firefox.exe" "--marionette" "-foreground" "-no-remote" "-profile" "C:\\Users\\lqa\\AppData\\Local\\Temp\\rust_mozprofileWsLFEh"
1619167976849	Marionette	INFO	Marionette enabled
console.warn: SearchSettings: "get: No settings file exists, new profile?" (new Error("", "(unknown module)"))
1619167981310	Marionette	INFO	Listening on port 56699
1619167981651	Marionette	WARN	TLS certificate errors will be ignored for this session
[Parent 27628, IPC I/O Parent] WARNING: file /builds/worker/checkouts/gecko/ipc/chromium/src/base/process_util_win.cc:167
1619168019065	Marionette	INFO	Stopped listening on port 56699

###!!! [Child][RunMessage] Error: Channel closing: too late to send/recv, messages will be lost

88594	Marionette	INFO	Marionette enabled
console.warn: SearchSettings: "get: No settings file exists, new profile?" (new Error("", "(unknown module)"))
1619167992697	Marionette	INFO	Listening on port 56755
1619167992997	Marionette	WARN	TLS certificate errors will be ignored for this session
1619167998459	Marionette	INFO	Stopped listening on port 56755
JavaScript error: resource://gre/modules/UrlClassifierListManager.jsm, line 691: TypeError: this.tablesData[table] is undefined

###!!! [Child][RunMessage] Error: Channel closing: too late to send/recv, messages will be lost

1619168164415	geckodriver	INFO	Listening on 127.0.0.1:56820
1619168167471	mozrunner::runner	INFO	Running command: "C:\\Program Files\\Mozilla Firefox\\firefox.exe" "--marionette" "-foreground" "-no-remote" "-profile" "C:\\Users\\lqa\\AppData\\Local\\Temp\\rust_mozprofileSGtyuf"
1619168168201	Marionette	INFO	Marionette enabled
console.warn: SearchSettings: "get: No settings file exists, new profile?" (new Error("", "(unknown module)"))
1619168176094	Marionette	INFO	Listening on port 56834
1619168176153	Marionette	WARN	TLS certificate errors will be ignored for this session
JavaScript error: , line 0: NS_ERROR_NOT_AVAILABLE
1619169352879	Marionette	INFO	Stopped listening on port 56836

###!!! [Child][RunMessage] Error: Channel closing: too late to send/recv, messages will be lost

 "C:\\Users\\lqa\\AppData\\Local\\Temp\\rust_mozprofile4b1aP5"
1619168184264	Marionette	INFO	Marionette enabled
console.warn: SearchSettings: "get: No settings file exists, new profile?" (new Error("", "(unknown module)"))
1619168190511	Marionette	INFO	Listening on port 56931
1619168190610	Marionette	WARN	TLS certificate errors will be ignored for this session
1619168216528	Marionette	INFO	Stopped listening on port 56931

###!!! [Child][RunMessage] Error: Channel closing: too late to send/recv, messages will be lost

1619168265608	geckodriver	INFO	Listening on 127.0.0.1:57022
1619168268732	mozrunner::runner	INFO	Running command: "C:\\Program Files\\Mozilla Firefox\\firefox.exe" "--marionette" "-foreground" "-no-remote" "-profile" "C:\\Users\\lqa\\AppData\\Local\\Temp\\rust_mozprofileQi6OEr"
1619168269292	Marionette	INFO	Marionette enabled
console.warn: SearchSettings: "get: No settings file exists, new profile?" (new Error("", "(unknown module)"))
1619168275968	Marionette	INFO	Listening on port 57036
1619168276213	Marionette	WARN	TLS certificate errors will be ignored for this session
JavaScript error: , line 0: NS_ERROR_NOT_AVAILABLE
1619169354790	Marionette	INFO	Stopped listening on port 57038

###!!! [Child][RunMessage] Error: Channel closing: too late to send/recv, messages will be lost

 "C:\\Users\\lqa\\AppData\\Local\\Temp\\rust_mozprofiledV4yM7"
1619168283273	Marionette	INFO	Marionette enabled
console.warn: SearchSettings: "get: No settings file exists, new profile?" (new Error("", "(unknown module)"))
1619168293148	Marionette	INFO	Listening on port 57139
1619168293454	Marionette	WARN	TLS certificate errors will be ignored for this session
1619168317046	Marionette	INFO	Stopped listening on port 57139

###!!! [Child][RunMessage] Error: Channel closing: too late to send/recv, messages will be lost

1619169052739	geckodriver	INFO	Listening on 127.0.0.1:57325
1619169055782	mozrunner::runner	INFO	Running command: "C:\\Program Files\\Mozilla Firefox\\firefox.exe" "--marionette" "-foreground" "-no-remote" "-profile" "C:\\Users\\lqa\\AppData\\Local\\Temp\\rust_mozprofileLO4jnT"
1619169057084	Marionette	INFO	Marionette enabled
console.warn: SearchSettings: "get: No settings file exists, new profile?" (new Error("", "(unknown module)"))
1619169065230	Marionette	INFO	Listening on port 57343
1619169065435	Marionette	WARN	TLS certificate errors will be ignored for this session
1619169357811	Marionette	INFO	Stopped listening on port 57339

###!!! [Child][RunMessage] Error: Channel closing: too late to send/recv, messages will be lost

"--marionette" "-foreground" "-no-remote" "-profile" "C:\\Users\\lqa\\AppData\\Local\\Temp\\rust_mozprofileiCEah2"
1619169075733	Marionette	INFO	Marionette enabled
console.warn: SearchSettings: "get: No settings file exists, new profile?" (new Error("", "(unknown module)"))
console.error: Region.jsm: "Error fetching region" (new AbortError("The operation was aborted. ", (void 0), 770))
console.error: Region.jsm: "Failed to fetch region" (new Error("NO_RESULT", "resource://gre/modules/Region.jsm", 419))
1619169091652	Marionette	INFO	Listening on port 57441
1619169091692	Marionette	WARN	TLS certificate errors will be ignored for this session
1619169129286	Marionette	INFO	Stopped listening on port 57441
[Parent 26548, IPC I/O Parent] WARNING: file /builds/worker/checkouts/gecko/ipc/chromium/src/base/process_util_win.cc:167
[Parent 26548, IPC I/O Parent] WARNING: file /builds/worker/checkouts/gecko/ipc/chromium/src/base/process_util_win.cc:167

###!!! [Child][RunMessage] Error: Channel closing: too late to send/recv, messages will be lost

1619169334148	geckodriver	INFO	Listening on 127.0.0.1:57575
1619169337174	mozrunner::runner	INFO	Running command: "C:\\Program Files\\Mozilla Firefox\\firefox.exe" "--marionette" "-foreground" "-no-remote" "-profile" "C:\\Users\\lqa\\AppData\\Local\\Temp\\rust_mozprofileAeOkss"
1619169338644	Marionette	INFO	Marionette enabled
console.warn: SearchSettings: "get: No settings file exists, new profile?" (new Error("", "(unknown module)"))
JavaScript error: resource://activity-stream/lib/ActivityStreamPrefs.jsm, line 27: NS_ERROR_ILLEGAL_VALUE: Component returned failure code: 0x80070057 (NS_ERROR_ILLEGAL_VALUE) [nsIPrefBranch.removeObserver]
1619169345045	Marionette	INFO	Listening on port 57583
1619169345168	Marionette	WARN	TLS certificate errors will be ignored for this session
JavaScript error: chrome://marionette/content/driver.js, line 2346: NS_ERROR_FAILURE: Component returned failure code: 0x80004005 (NS_ERROR_FAILURE) [nsIObserverService.removeObserver]
console.log: "RemoteSettingsWorker error: Error: Can't import when we've started shutting down."
JavaScript error: resource://gre/modules/ExtensionSettingsStore.jsm, line 122: Error: The ExtensionSettingsStore was accessed before the initialize promise resolved.
JavaScript error: chrome://marionette/content/driver.js, line 2346: NS_ERROR_FAILURE: Component returned failure code: 0x80004005 (NS_ERROR_FAILURE) [nsIObserverService.removeObserver]
console.log: "RemoteSettingsWorker error: Error: Can't import when we've started shutting down."
console.log: "RemoteSettingsWorker error: Error: Can't import when we've started shutting down."
console.log: "RemoteSettingsWorker error: Error: Can't import when we've started shutting down."
console.error: "Could not load engine google@search.mozilla.org: [Exception... \"AddonManager is not initialized\"  nsresult: \"0xc1f30001 (NS_ERROR_NOT_INITIALIZED)\"  location: \"JS frame :: resource://gre/modules/AddonManager.jsm :: installBuiltinAddon :: line 2550\"  data: no]"
console.error: "Could not load engine wikipedia@search.mozilla.org: [Exception... \"AddonManager is not initialized\"  nsresult: \"0xc1f30001 (NS_ERROR_NOT_INITIALIZED)\"  location: \"JS frame :: resource://gre/modules/AddonManager.jsm :: installBuiltinAddon :: line 2550\"  data: no]"
console.error: "Could not load engine coccoc@search.mozilla.org: [Exception... \"AddonManager is not initialized\"  nsresult: \"0xc1f30001 (NS_ERROR_NOT_INITIALIZED)\"  location: \"JS frame :: resource://gre/modules/AddonManager.jsm :: installBuiltinAddon :: line 2550\"  data: no]"
console.error: "Could not load engine ddg@search.mozilla.org: [Exception... \"AddonManager is not initialized\"  nsresult: \"0xc1f30001 (NS_ERROR_NOT_INITIALIZED)\"  location: \"JS frame :: resource://gre/modules/AddonManager.jsm :: installBuiltinAddon :: line 2550\"  data: no]"
console.warn: SearchService: "_init: abandoning init due to shutting down"
JavaScript error: , line 0: uncaught exception: 2147500036
JavaScript error: , line 0: uncaught exception: 2147500036
JavaScript error: , line 0: uncaught exception: 2147500036
JavaScript error: , line 0: uncaught exception: 2147500036
JavaScript error: , line 0: uncaught exception: 2147500036
JavaScript error: , line 0: AbortError: A request was aborted, for example through a call to IDBTransaction.abort.
JavaScript error: , line 0: AbortError: A request was aborted, for example through a call to IDBTransaction.abort.
1619169348239	Marionette	INFO	Stopped listening on port 57583

###!!! [Child][RunMessage] Error: Channel closing: too late to send/recv, messages will be lost

JavaScript error: resource://gre/modules/CrashManager.jsm, line 833: NotAllowedError: Shutting down and refusing additional I/O tasks
1619169415566	geckodriver	INFO	Listening on 127.0.0.1:57605
1619169418657	mozrunner::runner	INFO	Running command: "C:\\Program Files\\Mozilla Firefox\\firefox.exe" "--marionette" "-foreground" "-no-remote" "-profile" "C:\\Users\\lqa\\AppData\\Local\\Temp\\rust_mozprofileZ1p9zc"
1619169419747	Marionette	INFO	Marionette enabled
console.warn: SearchSettings: "get: No settings file exists, new profile?" (new Error("", "(unknown module)"))
1619169423869	Marionette	INFO	Listening on port 57615
1619169424016	Marionette	WARN	TLS certificate errors will be ignored for this session

###!!! [Child][RunMessage] Error: Channel closing: too late to send/recv, messages will be lost

JavaScript error: , line 0: NS_ERROR_NOT_AVAILABLE
1:57651
1619169430520	mozrunner::runner	INFO	Running command: "C:\\Program Files\\Mozilla Firefox\\firefox.exe" "--marionette" "-foreground" "-no-remote" "-profile" "C:\\Users\\lqa\\AppData\\Local\\Temp\\rust_mozprofileGhdAPp"
1619169430971	Marionette	INFO	Marionette enabled
console.warn: SearchSettings: "get: No settings file exists, new profile?" (new Error("", "(unknown module)"))
1619169434847	Marionette	INFO	Listening on port 57663
1619169435369	Marionette	WARN	TLS certificate errors will be ignored for this session
1619169449364	Marionette	INFO	Stopped listening on port 57663
[Parent 19660, IPC I/O Parent] WARNING: file /builds/worker/checkouts/gecko/ipc/chromium/src/base/process_util_win.cc:167

###!!! [Child][RunMessage] Error: Channel closing: too late to send/recv, messages will be lost

